<?xml version="1.0" encoding="UTF-8"?>
<!-- Generated by org.testng.reporters.JUnitReportReporter -->
<testsuite skipped="0" hostname="Anne-Marie-Dell" name="com.tem.testcases.Calendar_Month_TC01" tests="1" failures="0" timestamp="19 Jan 2018 12:16:38 GMT" time="8.433" errors="0">
  <testcase name="testCalendarYear" time="8.433" classname="com.tem.testcases.Calendar_Month_TC01"/>
</testsuite> <!-- com.tem.testcases.Calendar_Month_TC01 -->
