<?xml version="1.0" encoding="UTF-8"?>
<!-- Generated by org.testng.reporters.JUnitReportReporter -->
<testsuite skipped="0" hostname="Anne-Marie-Dell" name="com.tem.testcases.Calendar_Year_POMOptimised" tests="1" failures="0" timestamp="19 Jan 2018 01:34:57 GMT" time="7.685" errors="0">
  <testcase name="testCalendarYear" time="7.685" classname="com.tem.testcases.Calendar_Year_POMOptimised"/>
</testsuite> <!-- com.tem.testcases.Calendar_Year_POMOptimised -->
