<?xml version="1.0" encoding="UTF-8"?>
<!-- Generated by org.testng.reporters.JUnitReportReporter -->
<testsuite skipped="0" hostname="Anne-Marie-Dell" name="com.tem.testcases.Calendar_Month_TC01" tests="1" failures="0" timestamp="29 Jan 2018 16:30:48 GMT" time="16.243" errors="0">
  <testcase name="testCalendarYear" time="16.243" classname="com.tem.testcases.Calendar_Month_TC01"/>
</testsuite> <!-- com.tem.testcases.Calendar_Month_TC01 -->
