<?xml version="1.0" encoding="UTF-8"?>
<!-- Generated by org.testng.reporters.JUnitReportReporter -->
<testsuite skipped="0" hostname="Anne-Marie-Dell" name="com.tem.testcases.Calendar_Year_POMOptimised" tests="1" failures="0" timestamp="29 Jan 2018 16:30:48 GMT" time="11.301" errors="0">
  <testcase name="testCalendarYear" time="11.301" classname="com.tem.testcases.Calendar_Year_POMOptimised"/>
</testsuite> <!-- com.tem.testcases.Calendar_Year_POMOptimised -->
